wandb: Currently logged in as: quantumiracle. Use `wandb login --relogin` to force relogin
wandb: wandb version 0.13.5 is available!  To upgrade, please run:
wandb:  $ pip install wandb --upgrade
wandb: Tracking run with wandb version 0.13.4
wandb: Run data is saved locally in /home/zihan/research/TCDM/outputs/2022-11-06/11-50-47/wandb/run-20221106_115048-2ujrucyi
wandb: Run `wandb offline` to turn off syncing.
wandb: Syncing run cup-pour1_2022-11-06
wandb: ⭐️ View project at https://wandb.ai/quantumiracle/PGDM
wandb: 🚀 View run at https://wandb.ai/quantumiracle/PGDM/runs/2ujrucyi
Config:
agent:
  name: PPO
  multi_proc: true
  params:
    gamma: 0.95
    gae_lambda: 0.95
    learning_rate: 1.0e-05
    ent_coef: 0.001
    vf_coef: 0.5
    clip_range: 0.2
    n_steps: 4096
    batch_size: 256
    n_epochs: 5
    warm_start_mean: true
  policy_kwargs:
    net_arch:
    - pi:
      - 512
      - 256
      - 128
      vf:
      - 512
      - 256
      - 128
    log_std_init: -1.6
env:
  name: cup-pour1
  task_kwargs:
    append_time: true
    pregrasp: motion_planned
    reward_kwargs:
      obj_err_scale: 50
      object_reward_scale: 10.0
      lift_bonus_thresh: 0.02
      lift_bonus_mag: 2.5
      obj_com_term: 0.25
      n_envs: ${n_envs}
      obj_reward_ramp: 0
      obj_reward_start: 0
  env_kwargs: {}
  info_keywords:
  - obj_err
  - obj_success
  - step_obj_err
  - time_frac
  - obj_err_scale
  state_keyword: state
  n_envs: ${n_envs}
  vid_freq: ${vid_freq}
  vid_length: 100
exp_name: MimicTrainer
id: ${hydra.job.id}
resume_model: null
total_timesteps: 500000000
n_envs: 64
n_eval_envs: 5
eval_freq: 1000000
vid_freq: null
save_freq: 10000000
restore_checkpoint_freq: 500000
seed: 0
checkpoints:
  save_freq: 4000000
  save_path: ./models/
  name_prefix: rl_model
wandb:
  project: PGDM
  run_name: ${env.name}_${now:%Y-%m-%d}
  sweep_name_prefix: run

Using cuda device
Logging to logs/PPO_1
------------------------------------
| eval/                 |          |
|    mean_length        | 8.32     |
|    mean_obj_err       | 0.0392   |
|    mean_obj_err_scale | 1        |
|    mean_obj_success   | 0        |
|    mean_reward        | 6.52     |
|    mean_step_obj_err  | 0.281    |
|    mean_time_frac     | 0.119    |
|    time               | 1.44     |
------------------------------------
---------------------------------
| env/               |          |
|    obj_err         | 0.0391   |
|    obj_err_scale   | 1        |
|    obj_success     | 0        |
|    step_obj_err    | 0.274    |
|    time_frac       | 0.116    |
| rollout/           |          |
|    ep_len_mean     | 8.14     |
|    ep_rew_mean     | 6.31     |
| time/              |          |
|    fps             | 585      |
|    iterations      | 1        |
|    time_elapsed    | 6        |
|    total_timesteps | 4096     |
---------------------------------
------------------------------------------
| env/                    |              |
|    obj_err              | 0.0391       |
|    obj_err_scale        | 1            |
|    obj_success          | 0            |
|    step_obj_err         | 0.274        |
|    time_frac            | 0.117        |
| rollout/                |              |
|    ep_len_mean          | 8.16         |
|    ep_rew_mean          | 6.39         |
| time/                   |              |
|    fps                  | 687          |
|    iterations           | 2            |
|    time_elapsed         | 11           |
|    total_timesteps      | 8192         |
| train/                  |              |
|    approx_kl            | 0.0048494674 |
|    clip_fraction        | 0.0209       |
|    clip_range           | 0.2          |
|    entropy_loss         | 5.43         |
|    explained_variance   | -0.186       |
|    learning_rate        | 1e-05        |
|    loss                 | 1.72         |
|    n_updates            | 5            |
|    policy_gradient_loss | -0.0145      |
|    std                  | 0.202        |
|    value_loss           | 7.08         |
------------------------------------------
------------------------------------------
| env/                    |              |
|    obj_err              | 0.039        |
|    obj_err_scale        | 1            |
|    obj_success          | 0            |
|    step_obj_err         | 0.276        |
|    time_frac            | 0.118        |
| rollout/                |              |
|    ep_len_mean          | 8.26         |
|    ep_rew_mean          | 6.84         |
| time/                   |              |
|    fps                  | 730          |
|    iterations           | 3            |
|    time_elapsed         | 16           |
|    total_timesteps      | 12288        |
| train/                  |              |
|    approx_kl            | 0.0060547567 |
|    clip_fraction        | 0.0279       |
|    clip_range           | 0.2          |
|    entropy_loss         | 5.43         |
|    explained_variance   | 0.228        |
|    learning_rate        | 1e-05        |
|    loss                 | 1.86         |
|    n_updates            | 10           |
|    policy_gradient_loss | -0.0159      |
|    std                  | 0.202        |
|    value_loss           | 4.3          |
------------------------------------------
------------------------------------------
| env/                    |              |
|    obj_err              | 0.0389       |
|    obj_err_scale        | 1            |
|    obj_success          | 0            |
|    step_obj_err         | 0.273        |
|    time_frac            | 0.117        |
| rollout/                |              |
|    ep_len_mean          | 8.22         |
|    ep_rew_mean          | 7.06         |
| time/                   |              |
|    fps                  | 750          |
|    iterations           | 4            |
|    time_elapsed         | 21           |
|    total_timesteps      | 16384        |
| train/                  |              |
|    approx_kl            | 0.0070180595 |
|    clip_fraction        | 0.0343       |
|    clip_range           | 0.2          |
|    entropy_loss         | 5.43         |
|    explained_variance   | 0.426        |
|    learning_rate        | 1e-05        |
|    loss                 | 1.92         |
|    n_updates            | 15           |
|    policy_gradient_loss | -0.0184      |
|    std                  | 0.202        |
|    value_loss           | 3.27         |
------------------------------------------
----------------------------------------
| env/                    |            |
|    obj_err              | 0.0392     |
|    obj_err_scale        | 1          |
|    obj_success          | 0.000145   |
|    step_obj_err         | 0.273      |
|    time_frac            | 0.116      |
| rollout/                |            |
|    ep_len_mean          | 8.11       |
|    ep_rew_mean          | 7.23       |
| time/                   |            |
|    fps                  | 773        |
|    iterations           | 5          |
|    time_elapsed         | 26         |
|    total_timesteps      | 20480      |
| train/                  |            |
|    approx_kl            | 0.00655354 |
|    clip_fraction        | 0.0325     |
|    clip_range           | 0.2        |
|    entropy_loss         | 5.43       |
|    explained_variance   | 0.451      |
|    learning_rate        | 1e-05      |
|    loss                 | 1.89       |
|    n_updates            | 20         |
|    policy_gradient_loss | -0.0185    |
|    std                  | 0.202      |
|    value_loss           | 3.77       |
----------------------------------------
------------------------------------------
| env/                    |              |
|    obj_err              | 0.0384       |
|    obj_err_scale        | 1            |
|    obj_success          | 0.000435     |
|    step_obj_err         | 0.272        |
|    time_frac            | 0.119        |
| rollout/                |              |
|    ep_len_mean          | 8.32         |
|    ep_rew_mean          | 7.28         |
| time/                   |              |
|    fps                  | 781          |
|    iterations           | 6            |
|    time_elapsed         | 31           |
|    total_timesteps      | 24576        |
| train/                  |              |
|    approx_kl            | 0.0056784023 |
|    clip_fraction        | 0.0233       |
|    clip_range           | 0.2          |
|    entropy_loss         | 5.44         |
|    explained_variance   | 0.518        |
|    learning_rate        | 1e-05        |
|    loss                 | 1.64         |
|    n_updates            | 25           |
|    policy_gradient_loss | -0.0167      |
|    std                  | 0.202        |
|    value_loss           | 3.43         |
------------------------------------------
------------------------------------------
| env/                    |              |
|    obj_err              | 0.0385       |
|    obj_err_scale        | 1            |
|    obj_success          | 0.000145     |
|    step_obj_err         | 0.273        |
|    time_frac            | 0.119        |
| rollout/                |              |
|    ep_len_mean          | 8.36         |
|    ep_rew_mean          | 7.58         |
| time/                   |              |
|    fps                  | 788          |
|    iterations           | 7            |
|    time_elapsed         | 36           |
|    total_timesteps      | 28672        |
| train/                  |              |
|    approx_kl            | 0.0063358457 |
|    clip_fraction        | 0.0316       |
|    clip_range           | 0.2          |
|    entropy_loss         | 5.44         |
|    explained_variance   | 0.553        |
|    learning_rate        | 1e-05        |
|    loss                 | 1.4          |
|    n_updates            | 30           |
|    policy_gradient_loss | -0.0175      |
|    std                  | 0.202        |
|    value_loss           | 3.2          |
------------------------------------------
-----------------------------------------
| env/                    |             |
|    obj_err              | 0.038       |
|    obj_err_scale        | 1           |
|    obj_success          | 0           |
|    step_obj_err         | 0.273       |
|    time_frac            | 0.121       |
| rollout/                |             |
|    ep_len_mean          | 8.5         |
|    ep_rew_mean          | 7.81        |
| time/                   |             |
|    fps                  | 790         |
|    iterations           | 8           |
|    time_elapsed         | 41          |
|    total_timesteps      | 32768       |
| train/                  |             |
|    approx_kl            | 0.006192858 |
|    clip_fraction        | 0.0281      |
|    clip_range           | 0.2         |
|    entropy_loss         | 5.44        |
|    explained_variance   | 0.52        |
|    learning_rate        | 1e-05       |
|    loss                 | 1.73        |
|    n_updates            | 35          |
|    policy_gradient_loss | -0.0171     |
|    std                  | 0.202       |
|    value_loss           | 3.77        |
-----------------------------------------
-----------------------------------------
| env/                    |             |
|    obj_err              | 0.0381      |
|    obj_err_scale        | 1           |
|    obj_success          | 0           |
|    step_obj_err         | 0.272       |
|    time_frac            | 0.122       |
| rollout/                |             |
|    ep_len_mean          | 8.51        |
|    ep_rew_mean          | 8.12        |
| time/                   |             |
|    fps                  | 793         |
|    iterations           | 9           |
|    time_elapsed         | 46          |
|    total_timesteps      | 36864       |
| train/                  |             |
|    approx_kl            | 0.007392755 |
|    clip_fraction        | 0.0385      |
|    clip_range           | 0.2         |
|    entropy_loss         | 5.44        |
|    explained_variance   | 0.514       |
|    learning_rate        | 1e-05       |
|    loss                 | 1.63        |
|    n_updates            | 40          |
|    policy_gradient_loss | -0.0184     |
|    std                  | 0.202       |
|    value_loss           | 4.22        |
-----------------------------------------
------------------------------------------
| env/                    |              |
|    obj_err              | 0.038        |
|    obj_err_scale        | 1            |
|    obj_success          | 0.000145     |
|    step_obj_err         | 0.271        |
|    time_frac            | 0.121        |
| rollout/                |              |
|    ep_len_mean          | 8.46         |
|    ep_rew_mean          | 7.44         |
| time/                   |              |
|    fps                  | 800          |
|    iterations           | 10           |
|    time_elapsed         | 51           |
|    total_timesteps      | 40960        |
| train/                  |              |
|    approx_kl            | 0.0058211526 |
|    clip_fraction        | 0.0263       |
|    clip_range           | 0.2          |
|    entropy_loss         | 5.44         |
|    explained_variance   | 0.539        |
|    learning_rate        | 1e-05        |
|    loss                 | 1.44         |
|    n_updates            | 45           |
|    policy_gradient_loss | -0.0159      |
|    std                  | 0.202        |
|    value_loss           | 3.97         |
------------------------------------------
------------------------------------------
| env/                    |              |
|    obj_err              | 0.0382       |
|    obj_err_scale        | 1            |
|    obj_success          | 0            |
|    step_obj_err         | 0.271        |
|    time_frac            | 0.12         |
| rollout/                |              |
|    ep_len_mean          | 8.4          |
|    ep_rew_mean          | 8.12         |
| time/                   |              |
|    fps                  | 804          |
|    iterations           | 11           |
|    time_elapsed         | 55           |
|    total_timesteps      | 45056        |
| train/                  |              |
|    approx_kl            | 0.0064919675 |
|    clip_fraction        | 0.0297       |
|    clip_range           | 0.2          |
|    entropy_loss         | 5.44         |
|    explained_variance   | 0.505        |
|    learning_rate        | 1e-05        |
|    loss                 | 2.21         |
|    n_updates            | 50           |
|    policy_gradient_loss | -0.0167      |
|    std                  | 0.202        |
|    value_loss           | 4.59         |
------------------------------------------
------------------------------------------
| env/                    |              |
|    obj_err              | 0.0382       |
|    obj_err_scale        | 1            |
|    obj_success          | 0.000145     |
|    step_obj_err         | 0.274        |
|    time_frac            | 0.121        |
| rollout/                |              |
|    ep_len_mean          | 8.49         |
|    ep_rew_mean          | 7.82         |
| time/                   |              |
|    fps                  | 808          |
|    iterations           | 12           |
|    time_elapsed         | 60           |
|    total_timesteps      | 49152        |
| train/                  |              |
|    approx_kl            | 0.0066661662 |
|    clip_fraction        | 0.0287       |
|    clip_range           | 0.2          |
|    entropy_loss         | 5.44         |
|    explained_variance   | 0.559        |
|    learning_rate        | 1e-05        |
|    loss                 | 1.43         |
|    n_updates            | 55           |
|    policy_gradient_loss | -0.0163      |
|    std                  | 0.202        |
|    value_loss           | 3.92         |
------------------------------------------
-----------------------------------------
| env/                    |             |
|    obj_err              | 0.0382      |
|    obj_err_scale        | 1           |
|    obj_success          | 0           |
|    step_obj_err         | 0.273       |
|    time_frac            | 0.121       |
| rollout/                |             |
|    ep_len_mean          | 8.48        |
|    ep_rew_mean          | 8           |
| time/                   |             |
|    fps                  | 812         |
|    iterations           | 13          |
|    time_elapsed         | 65          |
|    total_timesteps      | 53248       |
| train/                  |             |
|    approx_kl            | 0.006777239 |
|    clip_fraction        | 0.039       |
|    clip_range           | 0.2         |
|    entropy_loss         | 5.44        |
|    explained_variance   | 0.569       |
|    learning_rate        | 1e-05       |
|    loss                 | 1.49        |
|    n_updates            | 60          |
|    policy_gradient_loss | -0.0176     |
|    std                  | 0.202       |
|    value_loss           | 3.93        |
-----------------------------------------
-----------------------------------------
| env/                    |             |
|    obj_err              | 0.0377      |
|    obj_err_scale        | 1           |
|    obj_success          | 0.000145    |
|    step_obj_err         | 0.27        |
|    time_frac            | 0.122       |
| rollout/                |             |
|    ep_len_mean          | 8.52        |
|    ep_rew_mean          | 7.65        |
| time/                   |             |
|    fps                  | 816         |
|    iterations           | 14          |
|    time_elapsed         | 70          |
|    total_timesteps      | 57344       |
| train/                  |             |
|    approx_kl            | 0.007550872 |
|    clip_fraction        | 0.0443      |
|    clip_range           | 0.2         |
|    entropy_loss         | 5.44        |
|    explained_variance   | 0.566       |
|    learning_rate        | 1e-05       |
|    loss                 | 3.44        |
|    n_updates            | 65          |
|    policy_gradient_loss | -0.0183     |
|    std                  | 0.202       |
|    value_loss           | 4.01        |
-----------------------------------------
-----------------------------------------
| env/                    |             |
|    obj_err              | 0.0379      |
|    obj_err_scale        | 1           |
|    obj_success          | 0.00058     |
|    step_obj_err         | 0.272       |
|    time_frac            | 0.123       |
| rollout/                |             |
|    ep_len_mean          | 8.61        |
|    ep_rew_mean          | 8.52        |
| time/                   |             |
|    fps                  | 818         |
|    iterations           | 15          |
|    time_elapsed         | 75          |
|    total_timesteps      | 61440       |
| train/                  |             |
|    approx_kl            | 0.007216475 |
|    clip_fraction        | 0.0467      |
|    clip_range           | 0.2         |
|    entropy_loss         | 5.44        |
|    explained_variance   | 0.671       |
|    learning_rate        | 1e-05       |
|    loss                 | 1.67        |
|    n_updates            | 70          |
|    policy_gradient_loss | -0.0193     |
|    std                  | 0.202       |
|    value_loss           | 2.69        |
-----------------------------------------
------------------------------------------
| env/                    |              |
|    obj_err              | 0.0375       |
|    obj_err_scale        | 1            |
|    obj_success          | 0.000145     |
|    step_obj_err         | 0.271        |
|    time_frac            | 0.124        |
| rollout/                |              |
|    ep_len_mean          | 8.66         |
|    ep_rew_mean          | 8.82         |
| time/                   |              |
|    fps                  | 819          |
|    iterations           | 16           |
|    time_elapsed         | 79           |
|    total_timesteps      | 65536        |
| train/                  |              |
|    approx_kl            | 0.0058619636 |
|    clip_fraction        | 0.0265       |
|    clip_range           | 0.2          |
|    entropy_loss         | 5.44         |
|    explained_variance   | 0.566        |
|    learning_rate        | 1e-05        |
|    loss                 | 1.47         |
|    n_updates            | 75           |
|    policy_gradient_loss | -0.0159      |
|    std                  | 0.202        |
|    value_loss           | 4.2          |
------------------------------------------
-----------------------------------------
| env/                    |             |
|    obj_err              | 0.0381      |
|    obj_err_scale        | 1           |
|    obj_success          | 0.00058     |
|    step_obj_err         | 0.275       |
|    time_frac            | 0.123       |
| rollout/                |             |
|    ep_len_mean          | 8.58        |
|    ep_rew_mean          | 9.17        |
| time/                   |             |
|    fps                  | 821         |
|    iterations           | 17          |
|    time_elapsed         | 84          |
|    total_timesteps      | 69632       |
| train/                  |             |
|    approx_kl            | 0.008465553 |
|    clip_fraction        | 0.0539      |
|    clip_range           | 0.2         |
|    entropy_loss         | 5.44        |
|    explained_variance   | 0.573       |
|    learning_rate        | 1e-05       |
|    loss                 | 2.16        |
|    n_updates            | 80          |
|    policy_gradient_loss | -0.0202     |
|    std                  | 0.202       |
|    value_loss           | 4.69        |
-----------------------------------------
-----------------------------------------
| env/                    |             |
|    obj_err              | 0.0376      |
|    obj_err_scale        | 1           |
|    obj_success          | 0.000435    |
|    step_obj_err         | 0.27        |
|    time_frac            | 0.123       |
| rollout/                |             |
|    ep_len_mean          | 8.6         |
|    ep_rew_mean          | 8.81        |
| time/                   |             |
|    fps                  | 821         |
|    iterations           | 18          |
|    time_elapsed         | 89          |
|    total_timesteps      | 73728       |
| train/                  |             |
|    approx_kl            | 0.007470535 |
|    clip_fraction        | 0.0456      |
|    clip_range           | 0.2         |
|    entropy_loss         | 5.44        |
|    explained_variance   | 0.56        |
|    learning_rate        | 1e-05       |
|    loss                 | 2.7         |
|    n_updates            | 85          |
|    policy_gradient_loss | -0.0177     |
|    std                  | 0.202       |
|    value_loss           | 5.32        |
-----------------------------------------
------------------------------------------
| env/                    |              |
|    obj_err              | 0.0382       |
|    obj_err_scale        | 1            |
|    obj_success          | 0.00391      |
|    step_obj_err         | 0.272        |
|    time_frac            | 0.123        |
| rollout/                |              |
|    ep_len_mean          | 8.59         |
|    ep_rew_mean          | 9.64         |
| time/                   |              |
|    fps                  | 821          |
|    iterations           | 19           |
|    time_elapsed         | 94           |
|    total_timesteps      | 77824        |
| train/                  |              |
|    approx_kl            | 0.0074443268 |
|    clip_fraction        | 0.0499       |
|    clip_range           | 0.2          |
|    entropy_loss         | 5.44         |
|    explained_variance   | 0.614        |
|    learning_rate        | 1e-05        |
|    loss                 | 1.78         |
|    n_updates            | 90           |
|    policy_gradient_loss | -0.0186      |
|    std                  | 0.202        |
|    value_loss           | 4.08         |
------------------------------------------
------------------------------------------
| env/                    |              |
|    obj_err              | 0.0382       |
|    obj_err_scale        | 1            |
|    obj_success          | 0.000725     |
|    step_obj_err         | 0.273        |
|    time_frac            | 0.122        |
| rollout/                |              |
|    ep_len_mean          | 8.52         |
|    ep_rew_mean          | 10.3         |
| time/                   |              |
|    fps                  | 824          |
|    iterations           | 20           |
|    time_elapsed         | 99           |
|    total_timesteps      | 81920        |
| train/                  |              |
|    approx_kl            | 0.0068160063 |
|    clip_fraction        | 0.0393       |
|    clip_range           | 0.2          |
|    entropy_loss         | 5.44         |
|    explained_variance   | 0.548        |
|    learning_rate        | 1e-05        |
|    loss                 | 2.52         |
|    n_updates            | 95           |
|    policy_gradient_loss | -0.0173      |
|    std                  | 0.202        |
|    value_loss           | 5.6          |
------------------------------------------
-----------------------------------------
| env/                    |             |
|    obj_err              | 0.0383      |
|    obj_err_scale        | 1           |
|    obj_success          | 0.000725    |
|    step_obj_err         | 0.275       |
|    time_frac            | 0.121       |
| rollout/                |             |
|    ep_len_mean          | 8.49        |
|    ep_rew_mean          | 9.33        |
| time/                   |             |
|    fps                  | 824         |
|    iterations           | 21          |
|    time_elapsed         | 104         |
|    total_timesteps      | 86016       |
| train/                  |             |
|    approx_kl            | 0.007537446 |
|    clip_fraction        | 0.0482      |
|    clip_range           | 0.2         |
|    entropy_loss         | 5.44        |
|    explained_variance   | 0.552       |
|    learning_rate        | 1e-05       |
|    loss                 | 2.94        |
|    n_updates            | 100         |
|    policy_gradient_loss | -0.018      |
|    std                  | 0.202       |
|    value_loss           | 6.08        |
-----------------------------------------
------------------------------------------
| env/                    |              |
|    obj_err              | 0.0383       |
|    obj_err_scale        | 1            |
|    obj_success          | 0.00087      |
|    step_obj_err         | 0.273        |
|    time_frac            | 0.121        |
| rollout/                |              |
|    ep_len_mean          | 8.48         |
|    ep_rew_mean          | 10.5         |
| time/                   |              |
|    fps                  | 824          |
|    iterations           | 22           |
|    time_elapsed         | 109          |
|    total_timesteps      | 90112        |
| train/                  |              |
|    approx_kl            | 0.0074680177 |
|    clip_fraction        | 0.0505       |
|    clip_range           | 0.2          |
|    entropy_loss         | 5.44         |
|    explained_variance   | 0.549        |
|    learning_rate        | 1e-05        |
|    loss                 | 3.39         |
|    n_updates            | 105          |
|    policy_gradient_loss | -0.0187      |
|    std                  | 0.202        |
|    value_loss           | 6.2          |
------------------------------------------
------------------------------------------
| env/                    |              |
|    obj_err              | 0.0377       |
|    obj_err_scale        | 1            |
|    obj_success          | 0.00101      |
|    step_obj_err         | 0.271        |
|    time_frac            | 0.124        |
| rollout/                |              |
|    ep_len_mean          | 8.68         |
|    ep_rew_mean          | 9.43         |
| time/                   |              |
|    fps                  | 825          |
|    iterations           | 23           |
|    time_elapsed         | 114          |
|    total_timesteps      | 94208        |
| train/                  |              |
|    approx_kl            | 0.0075581437 |
|    clip_fraction        | 0.051        |
|    clip_range           | 0.2          |
|    entropy_loss         | 5.44         |
|    explained_variance   | 0.557        |
|    learning_rate        | 1e-05        |
|    loss                 | 3.17         |
|    n_updates            | 110          |
|    policy_gradient_loss | -0.019       |
|    std                  | 0.202        |
|    value_loss           | 6.24         |
------------------------------------------
------------------------------------------
| env/                    |              |
|    obj_err              | 0.0385       |
|    obj_err_scale        | 1            |
|    obj_success          | 0.0013       |
|    step_obj_err         | 0.275        |
|    time_frac            | 0.121        |
| rollout/                |              |
|    ep_len_mean          | 8.49         |
|    ep_rew_mean          | 10.8         |
| time/                   |              |
|    fps                  | 826          |
|    iterations           | 24           |
|    time_elapsed         | 118          |
|    total_timesteps      | 98304        |
| train/                  |              |
|    approx_kl            | 0.0080748685 |
|    clip_fraction        | 0.0534       |
|    clip_range           | 0.2          |
|    entropy_loss         | 5.44         |
|    explained_variance   | 0.567        |
|    learning_rate        | 1e-05        |
|    loss                 | 2.64         |
|    n_updates            | 115          |
|    policy_gradient_loss | -0.0178      |
|    std                  | 0.202        |
|    value_loss           | 6.14         |
------------------------------------------
------------------------------------------
| env/                    |              |
|    obj_err              | 0.0382       |
|    obj_err_scale        | 1            |
|    obj_success          | 0.0013       |
|    step_obj_err         | 0.274        |
|    time_frac            | 0.123        |
| rollout/                |              |
|    ep_len_mean          | 8.61         |
|    ep_rew_mean          | 10.3         |
| time/                   |              |
|    fps                  | 828          |
|    iterations           | 25           |
|    time_elapsed         | 123          |
|    total_timesteps      | 102400       |
| train/                  |              |
|    approx_kl            | 0.0068327943 |
|    clip_fraction        | 0.0441       |
|    clip_range           | 0.2          |
|    entropy_loss         | 5.44         |
|    explained_variance   | 0.55         |
|    learning_rate        | 1e-05        |
|    loss                 | 2.68         |
|    n_updates            | 120          |
|    policy_gradient_loss | -0.0168      |
|    std                  | 0.202        |
|    value_loss           | 7.33         |
------------------------------------------
-----------------------------------------
| env/                    |             |
|    obj_err              | 0.038       |
|    obj_err_scale        | 1           |
|    obj_success          | 0.00391     |
|    step_obj_err         | 0.274       |
|    time_frac            | 0.124       |
| rollout/                |             |
|    ep_len_mean          | 8.68        |
|    ep_rew_mean          | 10.5        |
| time/                   |             |
|    fps                  | 828         |
|    iterations           | 26          |
|    time_elapsed         | 128         |
|    total_timesteps      | 106496      |
| train/                  |             |
|    approx_kl            | 0.007765005 |
|    clip_fraction        | 0.0512      |
|    clip_range           | 0.2         |
|    entropy_loss         | 5.44        |
|    explained_variance   | 0.59        |
|    learning_rate        | 1e-05       |
|    loss                 | 3.56        |
|    n_updates            | 125         |
|    policy_gradient_loss | -0.0185     |
|    std                  | 0.202       |
|    value_loss           | 6.39        |
-----------------------------------------
-----------------------------------------
| env/                    |             |
|    obj_err              | 0.0393      |
|    obj_err_scale        | 1           |
|    obj_success          | 0.00232     |
|    step_obj_err         | 0.28        |
|    time_frac            | 0.118       |
| rollout/                |             |
|    ep_len_mean          | 8.27        |
|    ep_rew_mean          | 11.6        |
| time/                   |             |
|    fps                  | 829         |
|    iterations           | 27          |
|    time_elapsed         | 133         |
|    total_timesteps      | 110592      |
| train/                  |             |
|    approx_kl            | 0.007977832 |
|    clip_fraction        | 0.0521      |
|    clip_range           | 0.2         |
|    entropy_loss         | 5.44        |
|    explained_variance   | 0.535       |
|    learning_rate        | 1e-05       |
|    loss                 | 4.23        |
|    n_updates            | 130         |
|    policy_gradient_loss | -0.0185     |
|    std                  | 0.202       |
|    value_loss           | 8.61        |
-----------------------------------------
------------------------------------------
| env/                    |              |
|    obj_err              | 0.0392       |
|    obj_err_scale        | 1            |
|    obj_success          | 0.00319      |
|    step_obj_err         | 0.277        |
|    time_frac            | 0.117        |
| rollout/                |              |
|    ep_len_mean          | 8.19         |
|    ep_rew_mean          | 10.8         |
| time/                   |              |
|    fps                  | 830          |
|    iterations           | 28           |
|    time_elapsed         | 138          |
|    total_timesteps      | 114688       |
| train/                  |              |
|    approx_kl            | 0.0075809443 |
|    clip_fraction        | 0.0486       |
|    clip_range           | 0.2          |
|    entropy_loss         | 5.44         |
|    explained_variance   | 0.568        |
|    learning_rate        | 1e-05        |
|    loss                 | 3.78         |
|    n_updates            | 135          |
|    policy_gradient_loss | -0.0176      |
|    std                  | 0.202        |
|    value_loss           | 7.66         |
------------------------------------------
----------------------------------------
| env/                    |            |
|    obj_err              | 0.039      |
|    obj_err_scale        | 1          |
|    obj_success          | 0.00377    |
|    step_obj_err         | 0.278      |
|    time_frac            | 0.12       |
| rollout/                |            |
|    ep_len_mean          | 8.38       |
|    ep_rew_mean          | 13.1       |
| time/                   |            |
|    fps                  | 831        |
|    iterations           | 29         |
|    time_elapsed         | 142        |
|    total_timesteps      | 118784     |
| train/                  |            |
|    approx_kl            | 0.00789809 |
|    clip_fraction        | 0.0503     |
|    clip_range           | 0.2        |
|    entropy_loss         | 5.44       |
|    explained_variance   | 0.54       |
|    learning_rate        | 1e-05      |
|    loss                 | 4.12       |
|    n_updates            | 140        |
|    policy_gradient_loss | -0.0185    |
|    std                  | 0.202      |
|    value_loss           | 8.62       |
----------------------------------------
------------------------------------------
| env/                    |              |
|    obj_err              | 0.0391       |
|    obj_err_scale        | 1            |
|    obj_success          | 0.00188      |
|    step_obj_err         | 0.279        |
|    time_frac            | 0.119        |
| rollout/                |              |
|    ep_len_mean          | 8.36         |
|    ep_rew_mean          | 12.1         |
| time/                   |              |
|    fps                  | 833          |
|    iterations           | 30           |
|    time_elapsed         | 147          |
|    total_timesteps      | 122880       |
| train/                  |              |
|    approx_kl            | 0.0076928018 |
|    clip_fraction        | 0.047        |
|    clip_range           | 0.2          |
|    entropy_loss         | 5.44         |
|    explained_variance   | 0.523        |
|    learning_rate        | 1e-05        |
|    loss                 | 4.56         |
|    n_updates            | 145          |
|    policy_gradient_loss | -0.0179      |
|    std                  | 0.202        |
|    value_loss           | 9.75         |
------------------------------------------
-----------------------------------------
| env/                    |             |
|    obj_err              | 0.039       |
|    obj_err_scale        | 1           |
|    obj_success          | 0.00232     |
|    step_obj_err         | 0.282       |
|    time_frac            | 0.122       |
| rollout/                |             |
|    ep_len_mean          | 8.57        |
|    ep_rew_mean          | 12          |
| time/                   |             |
|    fps                  | 833         |
|    iterations           | 31          |
|    time_elapsed         | 152         |
|    total_timesteps      | 126976      |
| train/                  |             |
|    approx_kl            | 0.007810549 |
|    clip_fraction        | 0.0532      |
|    clip_range           | 0.2         |
|    entropy_loss         | 5.45        |
|    explained_variance   | 0.555       |
|    learning_rate        | 1e-05       |
|    loss                 | 3.51        |
|    n_updates            | 150         |
|    policy_gradient_loss | -0.0165     |
|    std                  | 0.202       |
|    value_loss           | 8.64        |
-----------------------------------------
------------------------------------------
| env/                    |              |
|    obj_err              | 0.0386       |
|    obj_err_scale        | 1            |
|    obj_success          | 0.00246      |
|    step_obj_err         | 0.277        |
|    time_frac            | 0.122        |
| rollout/                |              |
|    ep_len_mean          | 8.51         |
|    ep_rew_mean          | 12.7         |
| time/                   |              |
|    fps                  | 833          |
|    iterations           | 32           |
|    time_elapsed         | 157          |
|    total_timesteps      | 131072       |
| train/                  |              |
|    approx_kl            | 0.0069352677 |
|    clip_fraction        | 0.0442       |
|    clip_range           | 0.2          |
|    entropy_loss         | 5.45         |
|    explained_variance   | 0.542        |
|    learning_rate        | 1e-05        |
|    loss                 | 3.86         |
|    n_updates            | 155          |
|    policy_gradient_loss | -0.0175      |
|    std                  | 0.202        |
|    value_loss           | 9.59         |
------------------------------------------
-----------------------------------------
| env/                    |             |
|    obj_err              | 0.0389      |
|    obj_err_scale        | 1           |
|    obj_success          | 0.00246     |
|    step_obj_err         | 0.274       |
|    time_frac            | 0.121       |
| rollout/                |             |
|    ep_len_mean          | 8.46        |
|    ep_rew_mean          | 11.2        |
| time/                   |             |
|    fps                  | 835         |
|    iterations           | 33          |
|    time_elapsed         | 161         |
|    total_timesteps      | 135168      |
| train/                  |             |
|    approx_kl            | 0.008383758 |
|    clip_fraction        | 0.0576      |
|    clip_range           | 0.2         |
|    entropy_loss         | 5.45        |
|    explained_variance   | 0.536       |
|    learning_rate        | 1e-05       |
|    loss                 | 4.66        |
|    n_updates            | 160         |
|    policy_gradient_loss | -0.0178     |
|    std                  | 0.202       |
|    value_loss           | 10.7        |
-----------------------------------------
-----------------------------------------
| env/                    |             |
|    obj_err              | 0.0388      |
|    obj_err_scale        | 1           |
|    obj_success          | 0.00188     |
|    step_obj_err         | 0.277       |
|    time_frac            | 0.122       |
| rollout/                |             |
|    ep_len_mean          | 8.56        |
|    ep_rew_mean          | 14.5        |
| time/                   |             |
|    fps                  | 836         |
|    iterations           | 34          |
|    time_elapsed         | 166         |
|    total_timesteps      | 139264      |
| train/                  |             |
|    approx_kl            | 0.006519881 |
|    clip_fraction        | 0.0377      |
|    clip_range           | 0.2         |
|    entropy_loss         | 5.45        |
|    explained_variance   | 0.55        |
|    learning_rate        | 1e-05       |
|    loss                 | 5.17        |
|    n_updates            | 165         |
|    policy_gradient_loss | -0.0164     |
|    std                  | 0.202       |
|    value_loss           | 10.1        |
-----------------------------------------
------------------------------------------
| env/                    |              |
|    obj_err              | 0.0391       |
|    obj_err_scale        | 1            |
|    obj_success          | 0.00333      |
|    step_obj_err         | 0.28         |
|    time_frac            | 0.121        |
| rollout/                |              |
|    ep_len_mean          | 8.45         |
|    ep_rew_mean          | 13.9         |
| time/                   |              |
|    fps                  | 836          |
|    iterations           | 35           |
|    time_elapsed         | 171          |
|    total_timesteps      | 143360       |
| train/                  |              |
|    approx_kl            | 0.0076091113 |
|    clip_fraction        | 0.0509       |
|    clip_range           | 0.2          |
|    entropy_loss         | 5.45         |
|    explained_variance   | 0.539        |
|    learning_rate        | 1e-05        |
|    loss                 | 4.72         |
|    n_updates            | 170          |
|    policy_gradient_loss | -0.0171      |
|    std                  | 0.202        |
|    value_loss           | 11.5         |
------------------------------------------
------------------------------------------
| env/                    |              |
|    obj_err              | 0.0388       |
|    obj_err_scale        | 1            |
|    obj_success          | 0.0029       |
|    step_obj_err         | 0.28         |
|    time_frac            | 0.123        |
| rollout/                |              |
|    ep_len_mean          | 8.58         |
|    ep_rew_mean          | 13.3         |
| time/                   |              |
|    fps                  | 836          |
|    iterations           | 36           |
|    time_elapsed         | 176          |
|    total_timesteps      | 147456       |
| train/                  |              |
|    approx_kl            | 0.0073129684 |
|    clip_fraction        | 0.0419       |
|    clip_range           | 0.2          |
|    entropy_loss         | 5.45         |
|    explained_variance   | 0.546        |
|    learning_rate        | 1e-05        |
|    loss                 | 5.91         |
|    n_updates            | 175          |
|    policy_gradient_loss | -0.0156      |
|    std                  | 0.202        |
|    value_loss           | 11.5         |
------------------------------------------
------------------------------------------
| env/                    |              |
|    obj_err              | 0.0396       |
|    obj_err_scale        | 1            |
|    obj_success          | 0.00275      |
|    step_obj_err         | 0.281        |
|    time_frac            | 0.117        |
| rollout/                |              |
|    ep_len_mean          | 8.18         |
|    ep_rew_mean          | 13.9         |
| time/                   |              |
|    fps                  | 836          |
|    iterations           | 37           |
|    time_elapsed         | 181          |
|    total_timesteps      | 151552       |
| train/                  |              |
|    approx_kl            | 0.0072637238 |
|    clip_fraction        | 0.0441       |
|    clip_range           | 0.2          |
|    entropy_loss         | 5.45         |
|    explained_variance   | 0.561        |
|    learning_rate        | 1e-05        |
|    loss                 | 5.84         |
|    n_updates            | 180          |
|    policy_gradient_loss | -0.0163      |
|    std                  | 0.202        |
|    value_loss           | 11           |
------------------------------------------
-----------------------------------------
| env/                    |             |
|    obj_err              | 0.0396      |
|    obj_err_scale        | 1           |
|    obj_success          | 0.00246     |
|    step_obj_err         | 0.282       |
|    time_frac            | 0.117       |
| rollout/                |             |
|    ep_len_mean          | 8.22        |
|    ep_rew_mean          | 13.9        |
| time/                   |             |
|    fps                  | 837         |
|    iterations           | 38          |
|    time_elapsed         | 185         |
|    total_timesteps      | 155648      |
| train/                  |             |
|    approx_kl            | 0.008126765 |
|    clip_fraction        | 0.0579      |
|    clip_range           | 0.2         |
|    entropy_loss         | 5.45        |
|    explained_variance   | 0.543       |
|    learning_rate        | 1e-05       |
|    loss                 | 6.59        |
|    n_updates            | 185         |
|    policy_gradient_loss | -0.0178     |
|    std                  | 0.202       |
|    value_loss           | 11.8        |
-----------------------------------------
------------------------------------------
| env/                    |              |
|    obj_err              | 0.0396       |
|    obj_err_scale        | 1            |
|    obj_success          | 0.00145      |
|    step_obj_err         | 0.282        |
|    time_frac            | 0.117        |
| rollout/                |              |
|    ep_len_mean          | 8.16         |
|    ep_rew_mean          | 14.7         |
| time/                   |              |
|    fps                  | 837          |
|    iterations           | 39           |
|    time_elapsed         | 190          |
|    total_timesteps      | 159744       |
| train/                  |              |
|    approx_kl            | 0.0063137314 |
|    clip_fraction        | 0.04         |
|    clip_range           | 0.2          |
|    entropy_loss         | 5.45         |
|    explained_variance   | 0.552        |
|    learning_rate        | 1e-05        |
|    loss                 | 5.98         |
|    n_updates            | 190          |
|    policy_gradient_loss | -0.0159      |
|    std                  | 0.202        |
|    value_loss           | 11.5         |
------------------------------------------
------------------------------------------
| env/                    |              |
|    obj_err              | 0.0393       |
|    obj_err_scale        | 1            |
|    obj_success          | 0.00319      |
|    step_obj_err         | 0.278        |
|    time_frac            | 0.119        |
| rollout/                |              |
|    ep_len_mean          | 8.31         |
|    ep_rew_mean          | 14.3         |
| time/                   |              |
|    fps                  | 838          |
|    iterations           | 40           |
|    time_elapsed         | 195          |
|    total_timesteps      | 163840       |
| train/                  |              |
|    approx_kl            | 0.0073026344 |
|    clip_fraction        | 0.0513       |
|    clip_range           | 0.2          |
|    entropy_loss         | 5.45         |
|    explained_variance   | 0.539        |
|    learning_rate        | 1e-05        |
|    loss                 | 7.12         |
|    n_updates            | 195          |
|    policy_gradient_loss | -0.0169      |
|    std                  | 0.202        |
|    value_loss           | 12.9         |
------------------------------------------
----------------------------------------
| env/                    |            |
|    obj_err              | 0.0392     |
|    obj_err_scale        | 1          |
|    obj_success          | 0.00174    |
|    step_obj_err         | 0.28       |
|    time_frac            | 0.118      |
| rollout/                |            |
|    ep_len_mean          | 8.24       |
|    ep_rew_mean          | 13.8       |
| time/                   |            |
|    fps                  | 838        |
|    iterations           | 41         |
|    time_elapsed         | 200        |
|    total_timesteps      | 167936     |
| train/                  |            |
|    approx_kl            | 0.00903131 |
|    clip_fraction        | 0.0612     |
|    clip_range           | 0.2        |
|    entropy_loss         | 5.46       |
|    explained_variance   | 0.553      |
|    learning_rate        | 1e-05      |
|    loss                 | 5.11       |
|    n_updates            | 200        |
|    policy_gradient_loss | -0.0188    |
|    std                  | 0.202      |
|    value_loss           | 12.3       |
----------------------------------------
Process ForkServerProcess-1:
Traceback (most recent call last):
  File "/home/zihan/anaconda3/envs/tcdm/lib/python3.8/multiprocessing/process.py", line 315, in _bootstrap
    self.run()
  File "/home/zihan/anaconda3/envs/tcdm/lib/python3.8/multiprocessing/process.py", line 108, in run
    self._target(*self._args, **self._kwargs)
  File "/home/zihan/anaconda3/envs/tcdm/lib/python3.8/site-packages/stable_baselines3/common/vec_env/subproc_vec_env.py", line 27, in _worker
    cmd, data = remote.recv()
  File "/home/zihan/anaconda3/envs/tcdm/lib/python3.8/multiprocessing/connection.py", line 250, in recv
    buf = self._recv_bytes()
  File "/home/zihan/anaconda3/envs/tcdm/lib/python3.8/multiprocessing/connection.py", line 414, in _recv_bytes
    buf = self._recv(4)
  File "/home/zihan/anaconda3/envs/tcdm/lib/python3.8/multiprocessing/connection.py", line 379, in _recv
    chunk = read(handle, remaining)
ConnectionResetError: [Errno 104] Connection reset by peer
Process ForkServerProcess-15:
Traceback (most recent call last):
  File "/home/zihan/anaconda3/envs/tcdm/lib/python3.8/multiprocessing/process.py", line 315, in _bootstrap
    self.run()
  File "/home/zihan/anaconda3/envs/tcdm/lib/python3.8/multiprocessing/process.py", line 108, in run
    self._target(*self._args, **self._kwargs)
  File "/home/zihan/anaconda3/envs/tcdm/lib/python3.8/site-packages/stable_baselines3/common/vec_env/subproc_vec_env.py", line 27, in _worker
    cmd, data = remote.recv()
  File "/home/zihan/anaconda3/envs/tcdm/lib/python3.8/multiprocessing/connection.py", line 250, in recv
    buf = self._recv_bytes()
  File "/home/zihan/anaconda3/envs/tcdm/lib/python3.8/multiprocessing/connection.py", line 414, in _recv_bytes
    buf = self._recv(4)
  File "/home/zihan/anaconda3/envs/tcdm/lib/python3.8/multiprocessing/connection.py", line 379, in _recv
    chunk = read(handle, remaining)
ConnectionResetError: [Errno 104] Connection reset by peer
Process ForkServerProcess-14:
Traceback (most recent call last):
  File "/home/zihan/anaconda3/envs/tcdm/lib/python3.8/multiprocessing/process.py", line 315, in _bootstrap
    self.run()
  File "/home/zihan/anaconda3/envs/tcdm/lib/python3.8/multiprocessing/process.py", line 108, in run
    self._target(*self._args, **self._kwargs)
  File "/home/zihan/anaconda3/envs/tcdm/lib/python3.8/site-packages/stable_baselines3/common/vec_env/subproc_vec_env.py", line 27, in _worker
    cmd, data = remote.recv()
  File "/home/zihan/anaconda3/envs/tcdm/lib/python3.8/multiprocessing/connection.py", line 250, in recv
    buf = self._recv_bytes()
  File "/home/zihan/anaconda3/envs/tcdm/lib/python3.8/multiprocessing/connection.py", line 414, in _recv_bytes
    buf = self._recv(4)
  File "/home/zihan/anaconda3/envs/tcdm/lib/python3.8/multiprocessing/connection.py", line 379, in _recv
    chunk = read(handle, remaining)
ConnectionResetError: [Errno 104] Connection reset by peer
Process ForkServerProcess-6:
Traceback (most recent call last):
  File "/home/zihan/anaconda3/envs/tcdm/lib/python3.8/multiprocessing/process.py", line 315, in _bootstrap
    self.run()
  File "/home/zihan/anaconda3/envs/tcdm/lib/python3.8/multiprocessing/process.py", line 108, in run
    self._target(*self._args, **self._kwargs)
  File "/home/zihan/anaconda3/envs/tcdm/lib/python3.8/site-packages/stable_baselines3/common/vec_env/subproc_vec_env.py", line 27, in _worker
    cmd, data = remote.recv()
  File "/home/zihan/anaconda3/envs/tcdm/lib/python3.8/multiprocessing/connection.py", line 250, in recv
    buf = self._recv_bytes()
  File "/home/zihan/anaconda3/envs/tcdm/lib/python3.8/multiprocessing/connection.py", line 414, in _recv_bytes
    buf = self._recv(4)
  File "/home/zihan/anaconda3/envs/tcdm/lib/python3.8/multiprocessing/connection.py", line 379, in _recv
    chunk = read(handle, remaining)
ConnectionResetError: [Errno 104] Connection reset by peer
Process ForkServerProcess-5:
Traceback (most recent call last):
  File "/home/zihan/anaconda3/envs/tcdm/lib/python3.8/multiprocessing/process.py", line 315, in _bootstrap
    self.run()
  File "/home/zihan/anaconda3/envs/tcdm/lib/python3.8/multiprocessing/process.py", line 108, in run
    self._target(*self._args, **self._kwargs)
  File "/home/zihan/anaconda3/envs/tcdm/lib/python3.8/site-packages/stable_baselines3/common/vec_env/subproc_vec_env.py", line 27, in _worker
    cmd, data = remote.recv()
  File "/home/zihan/anaconda3/envs/tcdm/lib/python3.8/multiprocessing/connection.py", line 250, in recv
    buf = self._recv_bytes()
  File "/home/zihan/anaconda3/envs/tcdm/lib/python3.8/multiprocessing/connection.py", line 414, in _recv_bytes
    buf = self._recv(4)
  File "/home/zihan/anaconda3/envs/tcdm/lib/python3.8/multiprocessing/connection.py", line 379, in _recv
    chunk = read(handle, remaining)
ConnectionResetError: [Errno 104] Connection reset by peer
Process ForkServerProcess-16:
Traceback (most recent call last):
  File "/home/zihan/anaconda3/envs/tcdm/lib/python3.8/multiprocessing/process.py", line 315, in _bootstrap
    self.run()
  File "/home/zihan/anaconda3/envs/tcdm/lib/python3.8/multiprocessing/process.py", line 108, in run
    self._target(*self._args, **self._kwargs)
  File "/home/zihan/anaconda3/envs/tcdm/lib/python3.8/site-packages/stable_baselines3/common/vec_env/subproc_vec_env.py", line 27, in _worker
    cmd, data = remote.recv()
  File "/home/zihan/anaconda3/envs/tcdm/lib/python3.8/multiprocessing/connection.py", line 250, in recv
    buf = self._recv_bytes()
  File "/home/zihan/anaconda3/envs/tcdm/lib/python3.8/multiprocessing/connection.py", line 414, in _recv_bytes
    buf = self._recv(4)
  File "/home/zihan/anaconda3/envs/tcdm/lib/python3.8/multiprocessing/connection.py", line 379, in _recv
    chunk = read(handle, remaining)
ConnectionResetError: [Errno 104] Connection reset by peer
Process ForkServerProcess-9:
Traceback (most recent call last):
  File "/home/zihan/anaconda3/envs/tcdm/lib/python3.8/multiprocessing/process.py", line 315, in _bootstrap
    self.run()
  File "/home/zihan/anaconda3/envs/tcdm/lib/python3.8/multiprocessing/process.py", line 108, in run
    self._target(*self._args, **self._kwargs)
  File "/home/zihan/anaconda3/envs/tcdm/lib/python3.8/site-packages/stable_baselines3/common/vec_env/subproc_vec_env.py", line 27, in _worker
    cmd, data = remote.recv()
  File "/home/zihan/anaconda3/envs/tcdm/lib/python3.8/multiprocessing/connection.py", line 250, in recv
    buf = self._recv_bytes()
  File "/home/zihan/anaconda3/envs/tcdm/lib/python3.8/multiprocessing/connection.py", line 414, in _recv_bytes
    buf = self._recv(4)
  File "/home/zihan/anaconda3/envs/tcdm/lib/python3.8/multiprocessing/connection.py", line 379, in _recv
    chunk = read(handle, remaining)
ConnectionResetError: [Errno 104] Connection reset by peer
Process ForkServerProcess-17:
Traceback (most recent call last):
  File "/home/zihan/anaconda3/envs/tcdm/lib/python3.8/multiprocessing/process.py", line 315, in _bootstrap
    self.run()
  File "/home/zihan/anaconda3/envs/tcdm/lib/python3.8/multiprocessing/process.py", line 108, in run
    self._target(*self._args, **self._kwargs)
  File "/home/zihan/anaconda3/envs/tcdm/lib/python3.8/site-packages/stable_baselines3/common/vec_env/subproc_vec_env.py", line 27, in _worker
    cmd, data = remote.recv()
  File "/home/zihan/anaconda3/envs/tcdm/lib/python3.8/multiprocessing/connection.py", line 250, in recv
    buf = self._recv_bytes()
  File "/home/zihan/anaconda3/envs/tcdm/lib/python3.8/multiprocessing/connection.py", line 414, in _recv_bytes
    buf = self._recv(4)
  File "/home/zihan/anaconda3/envs/tcdm/lib/python3.8/multiprocessing/connection.py", line 379, in _recv
    chunk = read(handle, remaining)
ConnectionResetError: [Errno 104] Connection reset by peer
Process ForkServerProcess-7:
Traceback (most recent call last):
  File "/home/zihan/anaconda3/envs/tcdm/lib/python3.8/multiprocessing/process.py", line 315, in _bootstrap
    self.run()
  File "/home/zihan/anaconda3/envs/tcdm/lib/python3.8/multiprocessing/process.py", line 108, in run
    self._target(*self._args, **self._kwargs)
  File "/home/zihan/anaconda3/envs/tcdm/lib/python3.8/site-packages/stable_baselines3/common/vec_env/subproc_vec_env.py", line 27, in _worker
    cmd, data = remote.recv()
  File "/home/zihan/anaconda3/envs/tcdm/lib/python3.8/multiprocessing/connection.py", line 250, in recv
    buf = self._recv_bytes()
  File "/home/zihan/anaconda3/envs/tcdm/lib/python3.8/multiprocessing/connection.py", line 414, in _recv_bytes
    buf = self._recv(4)
  File "/home/zihan/anaconda3/envs/tcdm/lib/python3.8/multiprocessing/connection.py", line 379, in _recv
    chunk = read(handle, remaining)
ConnectionResetError: [Errno 104] Connection reset by peer
Process ForkServerProcess-8:
Traceback (most recent call last):
  File "/home/zihan/anaconda3/envs/tcdm/lib/python3.8/multiprocessing/process.py", line 315, in _bootstrap
    self.run()
  File "/home/zihan/anaconda3/envs/tcdm/lib/python3.8/multiprocessing/process.py", line 108, in run
    self._target(*self._args, **self._kwargs)
  File "/home/zihan/anaconda3/envs/tcdm/lib/python3.8/site-packages/stable_baselines3/common/vec_env/subproc_vec_env.py", line 27, in _worker
    cmd, data = remote.recv()
  File "/home/zihan/anaconda3/envs/tcdm/lib/python3.8/multiprocessing/connection.py", line 250, in recv
    buf = self._recv_bytes()
  File "/home/zihan/anaconda3/envs/tcdm/lib/python3.8/multiprocessing/connection.py", line 414, in _recv_bytes
    buf = self._recv(4)
  File "/home/zihan/anaconda3/envs/tcdm/lib/python3.8/multiprocessing/connection.py", line 379, in _recv
    chunk = read(handle, remaining)
ConnectionResetError: [Errno 104] Connection reset by peer
Process ForkServerProcess-12:
Traceback (most recent call last):
  File "/home/zihan/anaconda3/envs/tcdm/lib/python3.8/multiprocessing/process.py", line 315, in _bootstrap
    self.run()
  File "/home/zihan/anaconda3/envs/tcdm/lib/python3.8/multiprocessing/process.py", line 108, in run
    self._target(*self._args, **self._kwargs)
  File "/home/zihan/anaconda3/envs/tcdm/lib/python3.8/site-packages/stable_baselines3/common/vec_env/subproc_vec_env.py", line 27, in _worker
    cmd, data = remote.recv()
  File "/home/zihan/anaconda3/envs/tcdm/lib/python3.8/multiprocessing/connection.py", line 250, in recv
    buf = self._recv_bytes()
  File "/home/zihan/anaconda3/envs/tcdm/lib/python3.8/multiprocessing/connection.py", line 414, in _recv_bytes
    buf = self._recv(4)
  File "/home/zihan/anaconda3/envs/tcdm/lib/python3.8/multiprocessing/connection.py", line 379, in _recv
    chunk = read(handle, remaining)
ConnectionResetError: [Errno 104] Connection reset by peer
Process ForkServerProcess-3:
Traceback (most recent call last):
  File "/home/zihan/anaconda3/envs/tcdm/lib/python3.8/multiprocessing/process.py", line 315, in _bootstrap
    self.run()
  File "/home/zihan/anaconda3/envs/tcdm/lib/python3.8/multiprocessing/process.py", line 108, in run
    self._target(*self._args, **self._kwargs)
  File "/home/zihan/anaconda3/envs/tcdm/lib/python3.8/site-packages/stable_baselines3/common/vec_env/subproc_vec_env.py", line 27, in _worker
    cmd, data = remote.recv()
  File "/home/zihan/anaconda3/envs/tcdm/lib/python3.8/multiprocessing/connection.py", line 250, in recv
    buf = self._recv_bytes()
  File "/home/zihan/anaconda3/envs/tcdm/lib/python3.8/multiprocessing/connection.py", line 414, in _recv_bytes
    buf = self._recv(4)
  File "/home/zihan/anaconda3/envs/tcdm/lib/python3.8/multiprocessing/connection.py", line 379, in _recv
    chunk = read(handle, remaining)
ConnectionResetError: [Errno 104] Connection reset by peer
Process ForkServerProcess-4:
Traceback (most recent call last):
  File "/home/zihan/anaconda3/envs/tcdm/lib/python3.8/multiprocessing/process.py", line 315, in _bootstrap
    self.run()
  File "/home/zihan/anaconda3/envs/tcdm/lib/python3.8/multiprocessing/process.py", line 108, in run
    self._target(*self._args, **self._kwargs)
  File "/home/zihan/anaconda3/envs/tcdm/lib/python3.8/site-packages/stable_baselines3/common/vec_env/subproc_vec_env.py", line 27, in _worker
    cmd, data = remote.recv()
  File "/home/zihan/anaconda3/envs/tcdm/lib/python3.8/multiprocessing/connection.py", line 250, in recv
    buf = self._recv_bytes()
  File "/home/zihan/anaconda3/envs/tcdm/lib/python3.8/multiprocessing/connection.py", line 414, in _recv_bytes
    buf = self._recv(4)
  File "/home/zihan/anaconda3/envs/tcdm/lib/python3.8/multiprocessing/connection.py", line 379, in _recv
    chunk = read(handle, remaining)
ConnectionResetError: [Errno 104] Connection reset by peer
Process ForkServerProcess-10:
Traceback (most recent call last):
  File "/home/zihan/anaconda3/envs/tcdm/lib/python3.8/multiprocessing/process.py", line 315, in _bootstrap
    self.run()
  File "/home/zihan/anaconda3/envs/tcdm/lib/python3.8/multiprocessing/process.py", line 108, in run
    self._target(*self._args, **self._kwargs)
  File "/home/zihan/anaconda3/envs/tcdm/lib/python3.8/site-packages/stable_baselines3/common/vec_env/subproc_vec_env.py", line 27, in _worker
    cmd, data = remote.recv()
  File "/home/zihan/anaconda3/envs/tcdm/lib/python3.8/multiprocessing/connection.py", line 250, in recv
    buf = self._recv_bytes()
  File "/home/zihan/anaconda3/envs/tcdm/lib/python3.8/multiprocessing/connection.py", line 414, in _recv_bytes
    buf = self._recv(4)
  File "/home/zihan/anaconda3/envs/tcdm/lib/python3.8/multiprocessing/connection.py", line 379, in _recv
    chunk = read(handle, remaining)
ConnectionResetError: [Errno 104] Connection reset by peer
Process ForkServerProcess-11:
Traceback (most recent call last):
  File "/home/zihan/anaconda3/envs/tcdm/lib/python3.8/multiprocessing/process.py", line 315, in _bootstrap
    self.run()
  File "/home/zihan/anaconda3/envs/tcdm/lib/python3.8/multiprocessing/process.py", line 108, in run
    self._target(*self._args, **self._kwargs)
  File "/home/zihan/anaconda3/envs/tcdm/lib/python3.8/site-packages/stable_baselines3/common/vec_env/subproc_vec_env.py", line 27, in _worker
    cmd, data = remote.recv()
  File "/home/zihan/anaconda3/envs/tcdm/lib/python3.8/multiprocessing/connection.py", line 250, in recv
    buf = self._recv_bytes()
  File "/home/zihan/anaconda3/envs/tcdm/lib/python3.8/multiprocessing/connection.py", line 414, in _recv_bytes
    buf = self._recv(4)
  File "/home/zihan/anaconda3/envs/tcdm/lib/python3.8/multiprocessing/connection.py", line 379, in _recv
    chunk = read(handle, remaining)
ConnectionResetError: [Errno 104] Connection reset by peer
Process ForkServerProcess-2:
Traceback (most recent call last):
  File "/home/zihan/anaconda3/envs/tcdm/lib/python3.8/multiprocessing/process.py", line 315, in _bootstrap
    self.run()
  File "/home/zihan/anaconda3/envs/tcdm/lib/python3.8/multiprocessing/process.py", line 108, in run
    self._target(*self._args, **self._kwargs)
  File "/home/zihan/anaconda3/envs/tcdm/lib/python3.8/site-packages/stable_baselines3/common/vec_env/subproc_vec_env.py", line 27, in _worker
    cmd, data = remote.recv()
  File "/home/zihan/anaconda3/envs/tcdm/lib/python3.8/multiprocessing/connection.py", line 250, in recv
    buf = self._recv_bytes()
  File "/home/zihan/anaconda3/envs/tcdm/lib/python3.8/multiprocessing/connection.py", line 414, in _recv_bytes
    buf = self._recv(4)
  File "/home/zihan/anaconda3/envs/tcdm/lib/python3.8/multiprocessing/connection.py", line 379, in _recv
    chunk = read(handle, remaining)
ConnectionResetError: [Errno 104] Connection reset by peer
Process ForkServerProcess-13:
Traceback (most recent call last):
  File "/home/zihan/anaconda3/envs/tcdm/lib/python3.8/multiprocessing/process.py", line 315, in _bootstrap
    self.run()
  File "/home/zihan/anaconda3/envs/tcdm/lib/python3.8/multiprocessing/process.py", line 108, in run
    self._target(*self._args, **self._kwargs)
  File "/home/zihan/anaconda3/envs/tcdm/lib/python3.8/site-packages/stable_baselines3/common/vec_env/subproc_vec_env.py", line 27, in _worker
    cmd, data = remote.recv()
  File "/home/zihan/anaconda3/envs/tcdm/lib/python3.8/multiprocessing/connection.py", line 250, in recv
    buf = self._recv_bytes()
  File "/home/zihan/anaconda3/envs/tcdm/lib/python3.8/multiprocessing/connection.py", line 414, in _recv_bytes
    buf = self._recv(4)
  File "/home/zihan/anaconda3/envs/tcdm/lib/python3.8/multiprocessing/connection.py", line 379, in _recv
    chunk = read(handle, remaining)
ConnectionResetError: [Errno 104] Connection reset by peer
