Traceback (most recent call last):
  File "train.py", line 54, in train
    run = create_wandb_run(cfg.wandb, params)
  File "train.py", line 25, in create_wandb_run
    group=wandb_cfg.group,
  File "/home/zihan/anaconda3/envs/tcdm/lib/python3.8/site-packages/omegaconf/dictconfig.py", line 357, in __getattr__
    self._format_and_raise(key=key, value=None, cause=e)
  File "/home/zihan/anaconda3/envs/tcdm/lib/python3.8/site-packages/omegaconf/base.py", line 190, in _format_and_raise
    format_and_raise(
  File "/home/zihan/anaconda3/envs/tcdm/lib/python3.8/site-packages/omegaconf/_utils.py", line 738, in format_and_raise
    _raise(ex, cause)
  File "/home/zihan/anaconda3/envs/tcdm/lib/python3.8/site-packages/omegaconf/_utils.py", line 716, in _raise
    raise ex.with_traceback(sys.exc_info()[2])  # set end OC_CAUSE=1 for full backtrace
  File "/home/zihan/anaconda3/envs/tcdm/lib/python3.8/site-packages/omegaconf/dictconfig.py", line 351, in __getattr__
    return self._get_impl(key=key, default_value=_DEFAULT_MARKER_)
  File "/home/zihan/anaconda3/envs/tcdm/lib/python3.8/site-packages/omegaconf/dictconfig.py", line 438, in _get_impl
    node = self._get_node(key=key, throw_on_missing_key=True)
  File "/home/zihan/anaconda3/envs/tcdm/lib/python3.8/site-packages/omegaconf/dictconfig.py", line 465, in _get_node
    self._validate_get(key)
  File "/home/zihan/anaconda3/envs/tcdm/lib/python3.8/site-packages/omegaconf/dictconfig.py", line 166, in _validate_get
    self._format_and_raise(
  File "/home/zihan/anaconda3/envs/tcdm/lib/python3.8/site-packages/omegaconf/base.py", line 190, in _format_and_raise
    format_and_raise(
  File "/home/zihan/anaconda3/envs/tcdm/lib/python3.8/site-packages/omegaconf/_utils.py", line 818, in format_and_raise
    _raise(ex, cause)
  File "/home/zihan/anaconda3/envs/tcdm/lib/python3.8/site-packages/omegaconf/_utils.py", line 716, in _raise
    raise ex.with_traceback(sys.exc_info()[2])  # set end OC_CAUSE=1 for full backtrace
omegaconf.errors.ConfigAttributeError: Key 'group' is not in struct
    full_key: wandb.group
    object_type=dict

